# JRE version: OpenJDK Runtime Environment (8.0_242-b01) (build 1.8.0_242-release-1644-b01)
# Java VM: OpenJDK 64-Bit Server VM (25.242-b01 mixed mode windows-amd64 compressed oops)
Heap:
 PSYoungGen      total 266752K, used 189125K [0x00000000d5580000, 0x00000000e7280000, 0x0000000100000000)
  eden space 250880K, 75% used [0x00000000d5580000,0x00000000e0e31638,0x00000000e4a80000)
  from space 15872K, 0% used [0x00000000e6300000,0x00000000e6300000,0x00000000e7280000)
  to   space 20480K, 0% used [0x00000000e4a80000,0x00000000e4a80000,0x00000000e5e80000)
 ParOldGen       total 101888K, used 33300K [0x0000000080000000, 0x0000000086380000, 0x00000000d5580000)
  object space 101888K, 32% used [0x0000000080000000,0x0000000082085308,0x0000000086380000)
 Metaspace       used 64353K, capacity 67272K, committed 67608K, reserved 1107968K
  class space    used 8852K, capacity 9418K, committed 9512K, reserved 1048576K
GC Heap History (10 events):
Event: 12.485 GC heap before
{Heap before GC invocations=11 (full 2):
 PSYoungGen      total 139264K, used 11067K [0x00000000d5580000, 0x00000000e2500000, 0x0000000100000000)
  eden space 128000K, 0% used [0x00000000d5580000,0x00000000d5580000,0x00000000dd280000)
  from space 11264K, 98% used [0x00000000dd280000,0x00000000ddd4ed88,0x00000000ddd80000)
  to   space 12800K, 0% used [0x00000000e1880000,0x00000000e1880000,0x00000000e2500000)
 ParOldGen       total 47616K, used 6665K [0x0000000080000000, 0x0000000082e80000, 0x00000000d5580000)
  object space 47616K, 13% used [0x0000000080000000,0x0000000080682580,0x0000000082e80000)
 Metaspace       used 34301K, capacity 35392K, committed 35496K, reserved 1079296K
  class space    used 4716K, capacity 4973K, committed 5032K, reserved 1048576K
Event: 12.608 GC heap after
Heap after GC invocations=11 (full 2):
 PSYoungGen      total 139264K, used 0K [0x00000000d5580000, 0x00000000e2500000, 0x0000000100000000)
  eden space 128000K, 0% used [0x00000000d5580000,0x00000000d5580000,0x00000000dd280000)
  from space 11264K, 0% used [0x00000000dd280000,0x00000000dd280000,0x00000000ddd80000)
  to   space 12800K, 0% used [0x00000000e1880000,0x00000000e1880000,0x00000000e2500000)
 ParOldGen       total 67072K, used 17300K [0x0000000080000000, 0x0000000084180000, 0x00000000d5580000)
  object space 67072K, 25% used [0x0000000080000000,0x00000000810e5020,0x0000000084180000)
 Metaspace       used 34301K, capacity 35392K, committed 35496K, reserved 1079296K
  class space    used 4716K, capacity 4973K, committed 5032K, reserved 1048576K
}
Event: 24.529 GC heap before
{Heap before GC invocations=12 (full 2):
 PSYoungGen      total 139264K, used 128000K [0x00000000d5580000, 0x00000000e2500000, 0x0000000100000000)
  eden space 128000K, 100% used [0x00000000d5580000,0x00000000dd280000,0x00000000dd280000)
  from space 11264K, 0% used [0x00000000dd280000,0x00000000dd280000,0x00000000ddd80000)
  to   space 12800K, 0% used [0x00000000e1880000,0x00000000e1880000,0x00000000e2500000)
 ParOldGen       total 67072K, used 17300K [0x0000000080000000, 0x0000000084180000, 0x00000000d5580000)
  object space 67072K, 25% used [0x0000000080000000,0x00000000810e5020,0x0000000084180000)
 Metaspace       used 39881K, capacity 41578K, committed 41768K, reserved 1085440K
  class space    used 5488K, capacity 5875K, committed 5928K, reserved 1048576K
Event: 24.547 GC heap after
Heap after GC invocations=12 (full 2):
 PSYoungGen      total 193536K, used 10728K [0x00000000d5580000, 0x00000000e2300000, 0x0000000100000000)
  eden space 182784K, 0% used [0x00000000d5580000,0x00000000d5580000,0x00000000e0800000)
  from space 10752K, 99% used [0x00000000e1880000,0x00000000e22fa000,0x00000000e2300000)
  to   space 13824K, 0% used [0x00000000e0800000,0x00000000e0800000,0x00000000e1580000)
 ParOldGen       total 67072K, used 17308K [0x0000000080000000, 0x0000000084180000, 0x00000000d5580000)
  object space 67072K, 25% used [0x0000000080000000,0x00000000810e7020,0x0000000084180000)
 Metaspace       used 39881K, capacity 41578K, committed 41768K, reserved 1085440K
  class space    used 5488K, capacity 5875K, committed 5928K, reserved 1048576K
}
Event: 41.598 GC heap before
{Heap before GC invocations=13 (full 2):
 PSYoungGen      total 193536K, used 193512K [0x00000000d5580000, 0x00000000e2300000, 0x0000000100000000)
  eden space 182784K, 100% used [0x00000000d5580000,0x00000000e0800000,0x00000000e0800000)
  from space 10752K, 99% used [0x00000000e1880000,0x00000000e22fa000,0x00000000e2300000)
  to   space 13824K, 0% used [0x00000000e0800000,0x00000000e0800000,0x00000000e1580000)
 ParOldGen       total 67072K, used 17308K [0x0000000080000000, 0x0000000084180000, 0x00000000d5580000)
  object space 67072K, 25% used [0x0000000080000000,0x00000000810e7020,0x0000000084180000)
 Metaspace       used 55705K, capacity 58010K, committed 58280K, reserved 1099776K
  class space    used 7580K, capacity 8078K, committed 8104K, reserved 1048576K
Event: 41.658 GC heap after
Heap after GC invocations=13 (full 2):
 PSYoungGen      total 196608K, used 13811K [0x00000000d5580000, 0x00000000e7780000, 0x0000000100000000)
  eden space 182784K, 0% used [0x00000000d5580000,0x00000000d5580000,0x00000000e0800000)
  from space 13824K, 99% used [0x00000000e0800000,0x00000000e157cdf0,0x00000000e1580000)
  to   space 20992K, 0% used [0x00000000e6300000,0x00000000e6300000,0x00000000e7780000)
 ParOldGen       total 67072K, used 31812K [0x0000000080000000, 0x0000000084180000, 0x00000000d5580000)
  object space 67072K, 47% used [0x0000000080000000,0x0000000081f11350,0x0000000084180000)
 Metaspace       used 55705K, capacity 58010K, committed 58280K, reserved 1099776K
  class space    used 7580K, capacity 8078K, committed 8104K, reserved 1048576K
}
Event: 45.471 GC heap before
{Heap before GC invocations=14 (full 2):
 PSYoungGen      total 196608K, used 56159K [0x00000000d5580000, 0x00000000e7780000, 0x0000000100000000)
  eden space 182784K, 23% used [0x00000000d5580000,0x00000000d7edb070,0x00000000e0800000)
  from space 13824K, 99% used [0x00000000e0800000,0x00000000e157cdf0,0x00000000e1580000)
  to   space 20992K, 0% used [0x00000000e6300000,0x00000000e6300000,0x00000000e7780000)
 ParOldGen       total 67072K, used 31812K [0x0000000080000000, 0x0000000084180000, 0x00000000d5580000)
  object space 67072K, 47% used [0x0000000080000000,0x0000000081f11350,0x0000000084180000)
 Metaspace       used 56807K, capacity 59080K, committed 59160K, reserved 1099776K
  class space    used 7752K, capacity 8223K, committed 8232K, reserved 1048576K
Event: 45.518 GC heap after
Heap after GC invocations=14 (full 2):
 PSYoungGen      total 266752K, used 3575K [0x00000000d5580000, 0x00000000e7280000, 0x0000000100000000)
  eden space 250880K, 0% used [0x00000000d5580000,0x00000000d5580000,0x00000000e4a80000)
  from space 15872K, 22% used [0x00000000e6300000,0x00000000e667de50,0x00000000e7280000)
  to   space 20480K, 0% used [0x00000000e4a80000,0x00000000e4a80000,0x00000000e5e80000)
 ParOldGen       total 67072K, used 43603K [0x0000000080000000, 0x0000000084180000, 0x00000000d5580000)
  object space 67072K, 65% used [0x0000000080000000,0x0000000082a94d58,0x0000000084180000)
 Metaspace       used 56807K, capacity 59080K, committed 59160K, reserved 1099776K
  class space    used 7752K, capacity 8223K, committed 8232K, reserved 1048576K
}
Event: 45.518 GC heap before
{Heap before GC invocations=15 (full 3):
 PSYoungGen      total 266752K, used 3575K [0x00000000d5580000, 0x00000000e7280000, 0x0000000100000000)
  eden space 250880K, 0% used [0x00000000d5580000,0x00000000d5580000,0x00000000e4a80000)
  from space 15872K, 22% used [0x00000000e6300000,0x00000000e667de50,0x00000000e7280000)
  to   space 20480K, 0% used [0x00000000e4a80000,0x00000000e4a80000,0x00000000e5e80000)
 ParOldGen       total 67072K, used 43603K [0x0000000080000000, 0x0000000084180000, 0x00000000d5580000)
  object space 67072K, 65% used [0x0000000080000000,0x0000000082a94d58,0x0000000084180000)
 Metaspace       used 56807K, capacity 59080K, committed 59160K, reserved 1099776K
  class space    used 7752K, capacity 8223K, committed 8232K, reserved 1048576K
Event: 46.009 GC heap after
Heap after GC invocations=15 (full 3):
 PSYoungGen      total 266752K, used 0K [0x00000000d5580000, 0x00000000e7280000, 0x0000000100000000)
  eden space 250880K, 0% used [0x00000000d5580000,0x00000000d5580000,0x00000000e4a80000)
  from space 15872K, 0% used [0x00000000e6300000,0x00000000e6300000,0x00000000e7280000)
  to   space 20480K, 0% used [0x00000000e4a80000,0x00000000e4a80000,0x00000000e5e80000)
 ParOldGen       total 101888K, used 33300K [0x0000000080000000, 0x0000000086380000, 0x00000000d5580000)
  object space 101888K, 32% used [0x0000000080000000,0x0000000082085308,0x0000000086380000)
 Metaspace       used 56799K, capacity 59056K, committed 59160K, reserved 1099776K
  class space    used 7750K, capacity 8219K, committed 8232K, reserved 1048576K
}

